<?xml version="1.0" encoding="UTF-8"?>
<!-- Generated by org.testng.reporters.JUnitReportReporter -->
<testsuite hostname="MD3C7C3F2B0C94" failures="0" tests="14" name="org.example.tests.RegistrationTestCases" time="1.288" errors="1" timestamp="2023-03-28T20:04:43 EEST" skipped="13">
  <testcase classname="org.example.tests.RegistrationTestCases" name="beforeImplementation" time="1.288">
    <error message="no such element: Unable to locate element: {&quot;method&quot;:&quot;xpath&quot;,&quot;selector&quot;:&quot;//input[@id=&#039;environmentname&#039;]&quot;}
  (Session info: chrome=111.0.5563.111)
For documentation on this error, please visit: https://www.seleniumhq.org/exceptions/no_such_element.html
Build info: version: &#039;3.141.59&#039;, revision: &#039;e82be7d358&#039;, time: &#039;2018-11-14T08:17:03&#039;
System info: host: &#039;MD3C7C3F2B0C94&#039;, ip: &#039;192.168.121.44&#039;, os.name: &#039;Windows 10&#039;, os.arch: &#039;amd64&#039;, os.version: &#039;10.0&#039;, java.version: &#039;18.0.2.1&#039;
Driver info: org.openqa.selenium.chrome.ChromeDriver
Capabilities {acceptInsecureCerts: false, browserName: chrome, browserVersion: 111.0.5563.111, chrome: {chromedriverVersion: 111.0.5563.64 (c710e93d5b63..., userDataDir: C:\Users\MD_MKO~1\AppData\L...}, goog:chromeOptions: {debuggerAddress: localhost:2057}, javascriptEnabled: true, networkConnectionEnabled: false, pageLoadStrategy: normal, platform: WINDOWS, platformName: WINDOWS, proxy: Proxy(), setWindowRect: true, strictFileInteractability: false, timeouts: {implicit: 0, pageLoad: 300000, script: 30000}, unhandledPromptBehavior: dismiss and notify, webauthn:extension:credBlob: true, webauthn:extension:largeBlob: true, webauthn:extension:minPinLength: true, webauthn:extension:prf: true, webauthn:virtualAuthenticators: true}
Session ID: 778e263c38bb04162ea4f2b6b58edf8c
*** Element info: {Using=xpath, value=//input[@id=&#039;environmentname&#039;]}" type="org.openqa.selenium.NoSuchElementException">
      <![CDATA[org.openqa.selenium.NoSuchElementException: no such element: Unable to locate element: {"method":"xpath","selector":"//input[@id='environmentname']"}
  (Session info: chrome=111.0.5563.111)
For documentation on this error, please visit: https://www.seleniumhq.org/exceptions/no_such_element.html
Build info: version: '3.141.59', revision: 'e82be7d358', time: '2018-11-14T08:17:03'
System info: host: 'MD3C7C3F2B0C94', ip: '192.168.121.44', os.name: 'Windows 10', os.arch: 'amd64', os.version: '10.0', java.version: '18.0.2.1'
Driver info: org.openqa.selenium.chrome.ChromeDriver
Capabilities {acceptInsecureCerts: false, browserName: chrome, browserVersion: 111.0.5563.111, chrome: {chromedriverVersion: 111.0.5563.64 (c710e93d5b63..., userDataDir: C:\Users\MD_MKO~1\AppData\L...}, goog:chromeOptions: {debuggerAddress: localhost:2057}, javascriptEnabled: true, networkConnectionEnabled: false, pageLoadStrategy: normal, platform: WINDOWS, platformName: WINDOWS, proxy: Proxy(), setWindowRect: true, strictFileInteractability: false, timeouts: {implicit: 0, pageLoad: 300000, script: 30000}, unhandledPromptBehavior: dismiss and notify, webauthn:extension:credBlob: true, webauthn:extension:largeBlob: true, webauthn:extension:minPinLength: true, webauthn:extension:prf: true, webauthn:virtualAuthenticators: true}
Session ID: 778e263c38bb04162ea4f2b6b58edf8c
*** Element info: {Using=xpath, value=//input[@id='environmentname']}
at java.base/jdk.internal.reflect.DirectConstructorHandleAccessor.newInstance(DirectConstructorHandleAccessor.java:67)
at java.base/java.lang.reflect.Constructor.newInstanceWithCaller(Constructor.java:499)
at java.base/java.lang.reflect.Constructor.newInstance(Constructor.java:483)
at org.openqa.selenium.remote.http.W3CHttpResponseCodec.createException(W3CHttpResponseCodec.java:187)
at org.openqa.selenium.remote.http.W3CHttpResponseCodec.decode(W3CHttpResponseCodec.java:122)
at org.openqa.selenium.remote.http.W3CHttpResponseCodec.decode(W3CHttpResponseCodec.java:49)
at org.openqa.selenium.remote.HttpCommandExecutor.execute(HttpCommandExecutor.java:158)
at org.openqa.selenium.remote.service.DriverCommandExecutor.execute(DriverCommandExecutor.java:83)
at org.openqa.selenium.remote.RemoteWebDriver.execute(RemoteWebDriver.java:552)
at org.openqa.selenium.remote.RemoteWebDriver.findElement(RemoteWebDriver.java:323)
at org.openqa.selenium.remote.RemoteWebDriver.findElementByXPath(RemoteWebDriver.java:428)
at org.openqa.selenium.By$ByXPath.findElement(By.java:353)
at org.openqa.selenium.remote.RemoteWebDriver.findElement(RemoteWebDriver.java:315)
at org.openqa.selenium.support.pagefactory.DefaultElementLocator.findElement(DefaultElementLocator.java:69)
at org.openqa.selenium.support.pagefactory.internal.LocatingElementHandler.invoke(LocatingElementHandler.java:38)
at jdk.proxy2/jdk.proxy2.$Proxy11.sendKeys(Unknown Source)
at org.example.pomCRA.EnvironmentPage.enterEnvironmentPage(EnvironmentPage.java:29)
at org.example.tests.RegistrationTestCases.beforeImplementation(RegistrationTestCases.java:35)
at java.base/jdk.internal.reflect.DirectMethodHandleAccessor.invoke(DirectMethodHandleAccessor.java:104)
at java.base/java.lang.reflect.Method.invoke(Method.java:577)
at org.testng.internal.invokers.MethodInvocationHelper.invokeMethod(MethodInvocationHelper.java:139)
at org.testng.internal.invokers.MethodInvocationHelper.invokeMethodConsideringTimeout(MethodInvocationHelper.java:69)
at org.testng.internal.invokers.ConfigInvoker.invokeConfigurationMethod(ConfigInvoker.java:361)
at org.testng.internal.invokers.ConfigInvoker.invokeConfigurations(ConfigInvoker.java:296)
at org.testng.internal.invokers.TestInvoker.runConfigMethods(TestInvoker.java:823)
at org.testng.internal.invokers.TestInvoker.invokeMethod(TestInvoker.java:590)
at org.testng.internal.invokers.TestInvoker.invokeTestMethod(TestInvoker.java:221)
at org.testng.internal.invokers.MethodRunner.runInSequence(MethodRunner.java:50)
at org.testng.internal.invokers.TestInvoker$MethodInvocationAgent.invoke(TestInvoker.java:969)
at org.testng.internal.invokers.TestInvoker.invokeTestMethods(TestInvoker.java:194)
at org.testng.internal.invokers.TestMethodWorker.invokeTestMethods(TestMethodWorker.java:148)
at org.testng.internal.invokers.TestMethodWorker.run(TestMethodWorker.java:128)
at java.base/java.util.ArrayList.forEach(ArrayList.java:1511)
at org.testng.TestRunner.privateRun(TestRunner.java:829)
at org.testng.TestRunner.run(TestRunner.java:602)
at org.testng.SuiteRunner.runTest(SuiteRunner.java:437)
at org.testng.SuiteRunner.runSequentially(SuiteRunner.java:431)
at org.testng.SuiteRunner.privateRun(SuiteRunner.java:391)
at org.testng.SuiteRunner.run(SuiteRunner.java:330)
at org.testng.SuiteRunnerWorker.runSuite(SuiteRunnerWorker.java:52)
at org.testng.SuiteRunnerWorker.run(SuiteRunnerWorker.java:95)
at org.testng.TestNG.runSuitesSequentially(TestNG.java:1256)
at org.testng.TestNG.runSuitesLocally(TestNG.java:1176)
at org.testng.TestNG.runSuites(TestNG.java:1099)
at org.testng.TestNG.run(TestNG.java:1067)
at com.intellij.rt.testng.IDEARemoteTestNG.run(IDEARemoteTestNG.java:66)
at com.intellij.rt.testng.RemoteTestNGStarter.main(RemoteTestNGStarter.java:109)
]]>
    </error>
  </testcase> <!-- beforeImplementation -->
  <system-out/>
  <testcase classname="org.example.tests.RegistrationTestCases" name="enterValidUserNameAndPassword" time="0.000">
    <skipped/>
  </testcase> <!-- enterValidUserNameAndPassword -->
  <system-out/>
  <testcase classname="org.example.tests.RegistrationTestCases" name="enterInvalidUsernameAndValidPassword" time="0.000">
    <skipped/>
  </testcase> <!-- enterInvalidUsernameAndValidPassword -->
  <system-out/>
  <testcase classname="org.example.tests.RegistrationTestCases" name="enterInvalidUsernameAndValidPassword" time="0.000">
    <skipped/>
  </testcase> <!-- enterInvalidUsernameAndValidPassword -->
  <system-out/>
  <testcase classname="org.example.tests.RegistrationTestCases" name="enterInvalidUsernameAndValidPassword" time="0.000">
    <skipped/>
  </testcase> <!-- enterInvalidUsernameAndValidPassword -->
  <system-out/>
  <testcase classname="org.example.tests.RegistrationTestCases" name="enterInvalidUsernameAndValidPassword" time="0.000">
    <skipped/>
  </testcase> <!-- enterInvalidUsernameAndValidPassword -->
  <system-out/>
  <testcase classname="org.example.tests.RegistrationTestCases" name="enterInvalidUsernameAndValidPassword" time="0.000">
    <skipped/>
  </testcase> <!-- enterInvalidUsernameAndValidPassword -->
  <system-out/>
  <testcase classname="org.example.tests.RegistrationTestCases" name="enterInvalidPasswordAndValidUsername" time="0.000">
    <skipped/>
  </testcase> <!-- enterInvalidPasswordAndValidUsername -->
  <system-out/>
  <testcase classname="org.example.tests.RegistrationTestCases" name="enterInvalidPasswordAndValidUsername" time="0.000">
    <skipped/>
  </testcase> <!-- enterInvalidPasswordAndValidUsername -->
  <system-out/>
  <testcase classname="org.example.tests.RegistrationTestCases" name="enterInvalidPasswordAndValidUsername" time="0.000">
    <skipped/>
  </testcase> <!-- enterInvalidPasswordAndValidUsername -->
  <system-out/>
  <testcase classname="org.example.tests.RegistrationTestCases" name="enterInvalidPasswordAndValidUsername" time="0.000">
    <skipped/>
  </testcase> <!-- enterInvalidPasswordAndValidUsername -->
  <system-out/>
  <testcase classname="org.example.tests.RegistrationTestCases" name="enterInvalidPasswordAndValidUsername" time="0.000">
    <skipped/>
  </testcase> <!-- enterInvalidPasswordAndValidUsername -->
  <system-out/>
  <testcase classname="org.example.tests.RegistrationTestCases" name="enterExistingUsername" time="0.000">
    <skipped/>
  </testcase> <!-- enterExistingUsername -->
  <system-out/>
  <testcase classname="org.example.tests.RegistrationTestCases" name="verifyLinkOfLimitedVersion" time="0.000">
    <skipped/>
  </testcase> <!-- verifyLinkOfLimitedVersion -->
  <system-out/>
</testsuite> <!-- org.example.tests.RegistrationTestCases -->
